<?xml version="1.0" encoding="UTF-8"?>
<testng-results skipped="0" failed="0" total="2" passed="2">
  <reporter-output>
  </reporter-output>
  <suite name="Default suite" duration-ms="7234" started-at="2020-02-21T17:27:42Z" finished-at="2020-02-21T17:27:49Z">
    <groups>
    </groups>
    <test name="Default test" duration-ms="7234" started-at="2020-02-21T17:27:42Z" finished-at="2020-02-21T17:27:49Z">
      <class name="getRequest.GetLeaveSummary">
        <test-method status="PASS" signature="testGet()[pri:0, instance:getRequest.GetLeaveSummary@15aab8c6]" name="testGet" is-config="true" duration-ms="535" started-at="2020-02-21T22:57:42Z" finished-at="2020-02-21T22:57:43Z">
          <reporter-output>
          </reporter-output>
        </test-method> <!-- testGet -->
        <test-method status="PASS" signature="LeaveSummaryBody()[pri:0, instance:getRequest.GetLeaveSummary@15aab8c6]" name="LeaveSummaryBody" duration-ms="6122" started-at="2020-02-21T22:57:43Z" finished-at="2020-02-21T22:57:49Z">
          <reporter-output>
          </reporter-output>
        </test-method> <!-- LeaveSummaryBody -->
        <test-method status="PASS" signature="test()[pri:0, instance:getRequest.GetLeaveSummary@15aab8c6]" name="test" duration-ms="532" started-at="2020-02-21T22:57:49Z" finished-at="2020-02-21T22:57:49Z">
          <reporter-output>
          </reporter-output>
        </test-method> <!-- test -->
      </class> <!-- getRequest.GetLeaveSummary -->
    </test> <!-- Default test -->
  </suite> <!-- Default suite -->
</testng-results>
